\BOOKMARK [0][-]{chapter.1}{\376\377\0001\000\040\000M\000o\000d\000u\000l\000e\000\040\000I\000n\000d\000e\000x}{}% 1
\BOOKMARK [1][-]{section.1.1}{\376\377\0001\000.\0001\000\040\000M\000o\000d\000u\000l\000e\000s}{chapter.1}% 2
\BOOKMARK [0][-]{chapter.2}{\376\377\0002\000\040\000D\000a\000t\000a\000\040\000S\000t\000r\000u\000c\000t\000u\000r\000e\000\040\000I\000n\000d\000e\000x}{}% 3
\BOOKMARK [1][-]{section.2.1}{\376\377\0002\000.\0001\000\040\000D\000a\000t\000a\000\040\000S\000t\000r\000u\000c\000t\000u\000r\000e\000s}{chapter.2}% 4
\BOOKMARK [0][-]{chapter.3}{\376\377\0003\000\040\000F\000i\000l\000e\000\040\000I\000n\000d\000e\000x}{}% 5
\BOOKMARK [1][-]{section.3.1}{\376\377\0003\000.\0001\000\040\000F\000i\000l\000e\000\040\000L\000i\000s\000t}{chapter.3}% 6
\BOOKMARK [0][-]{chapter.4}{\376\377\0004\000\040\000M\000o\000d\000u\000l\000e\000\040\000D\000o\000c\000u\000m\000e\000n\000t\000a\000t\000i\000o\000n}{}% 7
\BOOKMARK [1][-]{section.4.1}{\376\377\0004\000.\0001\000\040\000C\000M\000S\000I\000S}{chapter.4}% 8
\BOOKMARK [2][-]{subsection.4.1.1}{\376\377\0004\000.\0001\000.\0001\000\040\000D\000e\000t\000a\000i\000l\000e\000d\000\040\000D\000e\000s\000c\000r\000i\000p\000t\000i\000o\000n}{section.4.1}% 9
\BOOKMARK [1][-]{section.4.2}{\376\377\0004\000.\0002\000\040\000S\000t\000m\0003\0002\000f\0003\000x\000x\000\137\000s\000y\000s\000t\000e\000m}{chapter.4}% 10
\BOOKMARK [2][-]{subsection.4.2.1}{\376\377\0004\000.\0002\000.\0001\000\040\000D\000e\000t\000a\000i\000l\000e\000d\000\040\000D\000e\000s\000c\000r\000i\000p\000t\000i\000o\000n}{section.4.2}% 11
\BOOKMARK [1][-]{section.4.3}{\376\377\0004\000.\0003\000\040\000S\000T\000M\0003\0002\000F\0003\000x\000x\000\137\000S\000y\000s\000t\000e\000m\000\137\000P\000r\000i\000v\000a\000t\000e\000\137\000I\000n\000c\000l\000u\000d\000e\000s}{chapter.4}% 12
\BOOKMARK [1][-]{section.4.4}{\376\377\0004\000.\0004\000\040\000S\000T\000M\0003\0002\000F\0003\000x\000x\000\137\000S\000y\000s\000t\000e\000m\000\137\000P\000r\000i\000v\000a\000t\000e\000\137\000T\000y\000p\000e\000s\000D\000e\000f\000i\000n\000i\000t\000i\000o\000n\000s}{chapter.4}% 13
\BOOKMARK [1][-]{section.4.5}{\376\377\0004\000.\0005\000\040\000S\000T\000M\0003\0002\000F\0003\000x\000x\000\137\000S\000y\000s\000t\000e\000m\000\137\000P\000r\000i\000v\000a\000t\000e\000\137\000D\000e\000f\000i\000n\000e\000s}{chapter.4}% 14
\BOOKMARK [2][-]{subsection.4.5.1}{\376\377\0004\000.\0005\000.\0001\000\040\000D\000e\000t\000a\000i\000l\000e\000d\000\040\000D\000e\000s\000c\000r\000i\000p\000t\000i\000o\000n}{section.4.5}% 15
\BOOKMARK [2][-]{subsection.4.5.2}{\376\377\0004\000.\0005\000.\0002\000\040\000M\000a\000c\000r\000o\000\040\000D\000e\000f\000i\000n\000i\000t\000i\000o\000n\000\040\000D\000o\000c\000u\000m\000e\000n\000t\000a\000t\000i\000o\000n}{section.4.5}% 16
\BOOKMARK [3][-]{subsubsection.4.5.2.1}{\376\377\0004\000.\0005\000.\0002\000.\0001\000\040\000H\000S\000E\000\137\000V\000A\000L\000U\000E}{subsection.4.5.2}% 17
\BOOKMARK [3][-]{subsubsection.4.5.2.2}{\376\377\0004\000.\0005\000.\0002\000.\0002\000\040\000H\000S\000I\000\137\000V\000A\000L\000U\000E}{subsection.4.5.2}% 18
\BOOKMARK [3][-]{subsubsection.4.5.2.3}{\376\377\0004\000.\0005\000.\0002\000.\0003\000\040\000V\000E\000C\000T\000\137\000T\000A\000B\000\137\000O\000F\000F\000S\000E\000T}{subsection.4.5.2}% 19
\BOOKMARK [1][-]{section.4.6}{\376\377\0004\000.\0006\000\040\000S\000T\000M\0003\0002\000F\0003\000x\000x\000\137\000S\000y\000s\000t\000e\000m\000\137\000P\000r\000i\000v\000a\000t\000e\000\137\000M\000a\000c\000r\000o\000s}{chapter.4}% 20
\BOOKMARK [1][-]{section.4.7}{\376\377\0004\000.\0007\000\040\000S\000T\000M\0003\0002\000F\0003\000x\000x\000\137\000S\000y\000s\000t\000e\000m\000\137\000P\000r\000i\000v\000a\000t\000e\000\137\000V\000a\000r\000i\000a\000b\000l\000e\000s}{chapter.4}% 21
\BOOKMARK [2][-]{subsection.4.7.1}{\376\377\0004\000.\0007\000.\0001\000\040\000D\000e\000t\000a\000i\000l\000e\000d\000\040\000D\000e\000s\000c\000r\000i\000p\000t\000i\000o\000n}{section.4.7}% 22
\BOOKMARK [1][-]{section.4.8}{\376\377\0004\000.\0008\000\040\000S\000T\000M\0003\0002\000F\0003\000x\000x\000\137\000S\000y\000s\000t\000e\000m\000\137\000P\000r\000i\000v\000a\000t\000e\000\137\000F\000u\000n\000c\000t\000i\000o\000n\000P\000r\000o\000t\000o\000t\000y\000p\000e\000s}{chapter.4}% 23
\BOOKMARK [1][-]{section.4.9}{\376\377\0004\000.\0009\000\040\000S\000T\000M\0003\0002\000F\0003\000x\000x\000\137\000S\000y\000s\000t\000e\000m\000\137\000P\000r\000i\000v\000a\000t\000e\000\137\000F\000u\000n\000c\000t\000i\000o\000n\000s}{chapter.4}% 24
\BOOKMARK [2][-]{subsection.4.9.1}{\376\377\0004\000.\0009\000.\0001\000\040\000D\000e\000t\000a\000i\000l\000e\000d\000\040\000D\000e\000s\000c\000r\000i\000p\000t\000i\000o\000n}{section.4.9}% 25
\BOOKMARK [2][-]{subsection.4.9.2}{\376\377\0004\000.\0009\000.\0002\000\040\000F\000u\000n\000c\000t\000i\000o\000n\000\040\000D\000o\000c\000u\000m\000e\000n\000t\000a\000t\000i\000o\000n}{section.4.9}% 26
\BOOKMARK [3][-]{subsubsection.4.9.2.1}{\376\377\0004\000.\0009\000.\0002\000.\0001\000\040\000S\000y\000s\000t\000e\000m\000C\000o\000r\000e\000C\000l\000o\000c\000k\000U\000p\000d\000a\000t\000e\000\050\000v\000o\000i\000d\000\051}{subsection.4.9.2}% 27
\BOOKMARK [3][-]{subsubsection.4.9.2.2}{\376\377\0004\000.\0009\000.\0002\000.\0002\000\040\000S\000y\000s\000t\000e\000m\000I\000n\000i\000t\000\050\000v\000o\000i\000d\000\051}{subsection.4.9.2}% 28
\BOOKMARK [0][-]{chapter.5}{\376\377\0005\000\040\000D\000a\000t\000a\000\040\000S\000t\000r\000u\000c\000t\000u\000r\000e\000\040\000D\000o\000c\000u\000m\000e\000n\000t\000a\000t\000i\000o\000n}{}% 29
\BOOKMARK [1][-]{section.5.1}{\376\377\0005\000.\0001\000\040\000a\000m\000p\000e\000l\000p\000a\000r\000a\000m\000e\000t\000e\000r\000\040\000S\000t\000r\000u\000c\000t\000\040\000R\000e\000f\000e\000r\000e\000n\000c\000e}{chapter.5}% 30
\BOOKMARK [2][-]{subsection.5.1.1}{\376\377\0005\000.\0001\000.\0001\000\040\000D\000e\000t\000a\000i\000l\000e\000d\000\040\000D\000e\000s\000c\000r\000i\000p\000t\000i\000o\000n}{section.5.1}% 31
\BOOKMARK [0][-]{chapter.6}{\376\377\0006\000\040\000F\000i\000l\000e\000\040\000D\000o\000c\000u\000m\000e\000n\000t\000a\000t\000i\000o\000n}{}% 32
\BOOKMARK [1][-]{section.6.1}{\376\377\0006\000.\0001\000\040\000s\000r\000c\000/\000a\000m\000p\000e\000l\000.\000h\000\040\000F\000i\000l\000e\000\040\000R\000e\000f\000e\000r\000e\000n\000c\000e}{chapter.6}% 33
\BOOKMARK [2][-]{subsection.6.1.1}{\376\377\0006\000.\0001\000.\0001\000\040\000D\000e\000t\000a\000i\000l\000e\000d\000\040\000D\000e\000s\000c\000r\000i\000p\000t\000i\000o\000n}{section.6.1}% 34
\BOOKMARK [2][-]{subsection.6.1.2}{\376\377\0006\000.\0001\000.\0002\000\040\000E\000n\000u\000m\000e\000r\000a\000t\000i\000o\000n\000\040\000T\000y\000p\000e\000\040\000D\000o\000c\000u\000m\000e\000n\000t\000a\000t\000i\000o\000n}{section.6.1}% 35
\BOOKMARK [3][-]{subsubsection.6.1.2.1}{\376\377\0006\000.\0001\000.\0002\000.\0001\000\040\000a\000m\000p\000e\000l\000e\000v\000e\000n\000t}{subsection.6.1.2}% 36
\BOOKMARK [3][-]{subsubsection.6.1.2.2}{\376\377\0006\000.\0001\000.\0002\000.\0002\000\040\000a\000m\000p\000e\000l\000z\000u\000s\000t\000a\000n\000d}{subsection.6.1.2}% 37
\BOOKMARK [1][-]{section.6.2}{\376\377\0006\000.\0002\000\040\000s\000r\000c\000/\000a\000m\000p\000e\000l\000s\000t\000e\000u\000e\000r\000u\000n\000g\000.\000c\000\040\000F\000i\000l\000e\000\040\000R\000e\000f\000e\000r\000e\000n\000c\000e}{chapter.6}% 38
\BOOKMARK [2][-]{subsection.6.2.1}{\376\377\0006\000.\0002\000.\0001\000\040\000D\000e\000t\000a\000i\000l\000e\000d\000\040\000D\000e\000s\000c\000r\000i\000p\000t\000i\000o\000n}{section.6.2}% 39
\BOOKMARK [2][-]{subsection.6.2.2}{\376\377\0006\000.\0002\000.\0002\000\040\000F\000u\000n\000c\000t\000i\000o\000n\000\040\000D\000o\000c\000u\000m\000e\000n\000t\000a\000t\000i\000o\000n}{section.6.2}% 40
\BOOKMARK [3][-]{subsubsection.6.2.2.1}{\376\377\0006\000.\0002\000.\0002\000.\0001\000\040\000a\000m\000p\000e\000l\000s\000t\000e\000u\000e\000r\000u\000n\000g\000\050\000a\000m\000p\000e\000l\000p\000a\000r\000a\000m\000e\000t\000e\000r\000\040\000r\000e\000p\000r\000\051}{subsection.6.2.2}% 41
\BOOKMARK [1][-]{section.6.3}{\376\377\0006\000.\0003\000\040\000s\000r\000c\000/\000c\000o\000n\000t\000r\000o\000l\000.\000c\000\040\000F\000i\000l\000e\000\040\000R\000e\000f\000e\000r\000e\000n\000c\000e}{chapter.6}% 42
\BOOKMARK [2][-]{subsection.6.3.1}{\376\377\0006\000.\0003\000.\0001\000\040\000D\000e\000t\000a\000i\000l\000e\000d\000\040\000D\000e\000s\000c\000r\000i\000p\000t\000i\000o\000n}{section.6.3}% 43
\BOOKMARK [2][-]{subsection.6.3.2}{\376\377\0006\000.\0003\000.\0002\000\040\000F\000u\000n\000c\000t\000i\000o\000n\000\040\000D\000o\000c\000u\000m\000e\000n\000t\000a\000t\000i\000o\000n}{section.6.3}% 44
\BOOKMARK [3][-]{subsubsection.6.3.2.1}{\376\377\0006\000.\0003\000.\0002\000.\0001\000\040\000l\000e\000d\000\137\000g\000e\000l\000b\000\050\000\051}{subsection.6.3.2}% 45
\BOOKMARK [3][-]{subsubsection.6.3.2.2}{\376\377\0006\000.\0003\000.\0002\000.\0002\000\040\000l\000e\000d\000\137\000g\000r\000u\000e\000n\000\050\000\051}{subsection.6.3.2}% 46
\BOOKMARK [3][-]{subsubsection.6.3.2.3}{\376\377\0006\000.\0003\000.\0002\000.\0003\000\040\000l\000e\000d\000\137\000g\000r\000u\000e\000n\000\137\000b\000l\000i\000n\000k\000e\000n\000\050\000\051}{subsection.6.3.2}% 47
\BOOKMARK [3][-]{subsubsection.6.3.2.4}{\376\377\0006\000.\0003\000.\0002\000.\0004\000\040\000l\000e\000d\000\137\000i\000n\000i\000t\000\050\000\051}{subsection.6.3.2}% 48
\BOOKMARK [3][-]{subsubsection.6.3.2.5}{\376\377\0006\000.\0003\000.\0002\000.\0005\000\040\000l\000e\000d\000\137\000o\000f\000f\000\050\000\051}{subsection.6.3.2}% 49
\BOOKMARK [3][-]{subsubsection.6.3.2.6}{\376\377\0006\000.\0003\000.\0002\000.\0006\000\040\000l\000e\000d\000\137\000r\000o\000t\000\050\000\051}{subsection.6.3.2}% 50
\BOOKMARK [3][-]{subsubsection.6.3.2.7}{\376\377\0006\000.\0003\000.\0002\000.\0007\000\040\000l\000e\000d\000\137\000r\000o\000t\000\137\000g\000e\000l\000b\000\050\000\051}{subsection.6.3.2}% 51
\BOOKMARK [1][-]{section.6.4}{\376\377\0006\000.\0004\000\040\000s\000r\000c\000/\000c\000o\000n\000t\000r\000o\000l\000.\000h\000\040\000F\000i\000l\000e\000\040\000R\000e\000f\000e\000r\000e\000n\000c\000e}{chapter.6}% 52
\BOOKMARK [2][-]{subsection.6.4.1}{\376\377\0006\000.\0004\000.\0001\000\040\000D\000e\000t\000a\000i\000l\000e\000d\000\040\000D\000e\000s\000c\000r\000i\000p\000t\000i\000o\000n}{section.6.4}% 53
\BOOKMARK [2][-]{subsection.6.4.2}{\376\377\0006\000.\0004\000.\0002\000\040\000F\000u\000n\000c\000t\000i\000o\000n\000\040\000D\000o\000c\000u\000m\000e\000n\000t\000a\000t\000i\000o\000n}{section.6.4}% 54
\BOOKMARK [3][-]{subsubsection.6.4.2.1}{\376\377\0006\000.\0004\000.\0002\000.\0001\000\040\000l\000e\000d\000\137\000g\000e\000l\000b\000\050\000\051}{subsection.6.4.2}% 55
\BOOKMARK [3][-]{subsubsection.6.4.2.2}{\376\377\0006\000.\0004\000.\0002\000.\0002\000\040\000l\000e\000d\000\137\000g\000r\000u\000e\000n\000\050\000\051}{subsection.6.4.2}% 56
\BOOKMARK [3][-]{subsubsection.6.4.2.3}{\376\377\0006\000.\0004\000.\0002\000.\0003\000\040\000l\000e\000d\000\137\000g\000r\000u\000e\000n\000\137\000b\000l\000i\000n\000k\000e\000n\000\050\000\051}{subsection.6.4.2}% 57
\BOOKMARK [3][-]{subsubsection.6.4.2.4}{\376\377\0006\000.\0004\000.\0002\000.\0004\000\040\000l\000e\000d\000\137\000i\000n\000i\000t\000\050\000\051}{subsection.6.4.2}% 58
\BOOKMARK [3][-]{subsubsection.6.4.2.5}{\376\377\0006\000.\0004\000.\0002\000.\0005\000\040\000l\000e\000d\000\137\000o\000f\000f\000\050\000\051}{subsection.6.4.2}% 59
\BOOKMARK [3][-]{subsubsection.6.4.2.6}{\376\377\0006\000.\0004\000.\0002\000.\0006\000\040\000l\000e\000d\000\137\000r\000o\000t\000\050\000\051}{subsection.6.4.2}% 60
\BOOKMARK [3][-]{subsubsection.6.4.2.7}{\376\377\0006\000.\0004\000.\0002\000.\0007\000\040\000l\000e\000d\000\137\000r\000o\000t\000\137\000g\000e\000l\000b\000\050\000\051}{subsection.6.4.2}% 61
\BOOKMARK [1][-]{section.6.5}{\376\377\0006\000.\0005\000\040\000s\000r\000c\000/\000m\000a\000i\000n\000.\000c\000\040\000F\000i\000l\000e\000\040\000R\000e\000f\000e\000r\000e\000n\000c\000e}{chapter.6}% 62
\BOOKMARK [2][-]{subsection.6.5.1}{\376\377\0006\000.\0005\000.\0001\000\040\000D\000e\000t\000a\000i\000l\000e\000d\000\040\000D\000e\000s\000c\000r\000i\000p\000t\000i\000o\000n}{section.6.5}% 63
\BOOKMARK [2][-]{subsection.6.5.2}{\376\377\0006\000.\0005\000.\0002\000\040\000F\000u\000n\000c\000t\000i\000o\000n\000\040\000D\000o\000c\000u\000m\000e\000n\000t\000a\000t\000i\000o\000n}{section.6.5}% 64
\BOOKMARK [3][-]{subsubsection.6.5.2.1}{\376\377\0006\000.\0005\000.\0002\000.\0001\000\040\000E\000X\000T\000I\0000\000\137\000C\000o\000n\000f\000i\000g\000\050\000\051}{subsection.6.5.2}% 65
\BOOKMARK [3][-]{subsubsection.6.5.2.2}{\376\377\0006\000.\0005\000.\0002\000.\0002\000\040\000H\000A\000L\000\137\000G\000P\000I\000O\000\137\000E\000X\000T\000I\000\137\000C\000a\000l\000l\000b\000a\000c\000k\000\050\000u\000i\000n\000t\0001\0006\000\137\000t\000\051}{subsection.6.5.2}% 66
\BOOKMARK [3][-]{subsubsection.6.5.2.3}{\376\377\0006\000.\0005\000.\0002\000.\0003\000\040\000H\000A\000L\000\137\000S\000Y\000S\000T\000I\000C\000K\000\137\000C\000a\000l\000l\000b\000a\000c\000k\000\050\000v\000o\000i\000d\000\051}{subsection.6.5.2}% 67
\BOOKMARK [1][-]{section.6.6}{\376\377\0006\000.\0006\000\040\000s\000r\000c\000/\000s\000t\000m\0003\0002\000f\0003\000x\000x\000\137\000i\000t\000.\000c\000\040\000F\000i\000l\000e\000\040\000R\000e\000f\000e\000r\000e\000n\000c\000e}{chapter.6}% 68
\BOOKMARK [2][-]{subsection.6.6.1}{\376\377\0006\000.\0006\000.\0001\000\040\000D\000e\000t\000a\000i\000l\000e\000d\000\040\000D\000e\000s\000c\000r\000i\000p\000t\000i\000o\000n}{section.6.6}% 69
\BOOKMARK [2][-]{subsection.6.6.2}{\376\377\0006\000.\0006\000.\0002\000\040\000F\000u\000n\000c\000t\000i\000o\000n\000\040\000D\000o\000c\000u\000m\000e\000n\000t\000a\000t\000i\000o\000n}{section.6.6}% 70
\BOOKMARK [3][-]{subsubsection.6.6.2.1}{\376\377\0006\000.\0006\000.\0002\000.\0001\000\040\000S\000y\000s\000T\000i\000c\000k\000\137\000H\000a\000n\000d\000l\000e\000r\000\050\000v\000o\000i\000d\000\051}{subsection.6.6.2}% 71
\BOOKMARK [1][-]{section.6.7}{\376\377\0006\000.\0007\000\040\000s\000r\000c\000/\000s\000y\000s\000t\000e\000m\000\137\000s\000t\000m\0003\0002\000f\0003\000x\000x\000.\000c\000\040\000F\000i\000l\000e\000\040\000R\000e\000f\000e\000r\000e\000n\000c\000e}{chapter.6}% 72
\BOOKMARK [2][-]{subsection.6.7.1}{\376\377\0006\000.\0007\000.\0001\000\040\000D\000e\000t\000a\000i\000l\000e\000d\000\040\000D\000e\000s\000c\000r\000i\000p\000t\000i\000o\000n}{section.6.7}% 73
\BOOKMARK [0][-]{section*.31}{\376\377\000I\000n\000d\000e\000x}{}% 74
